TN:
SF:/home/tim/General_Route/C/test/groute.c
FN:122,__lock
FN:141,__unlock
FN:158,__init_intf_pool
FN:179,__init_route_pool
FN:211,__intf_lookup
FN:235,__route_lookup
FN:267,__intf_get
FN:291,__route_add_hash
FN:313,__route_get
FN:338,__intf_put
FN:363,__route_put
FN:400,__set_intf_address
FN:422,__unset_intf_address
FN:445,__assign_gw
FN:471,__mask_to_prefix
FN:507,__output_nw_check
FN:536,__route_gw_alive
FN:578,__route_gw_dead
FN:625,__intf_polling_idle_gw
FN:657,__intf_polling_linked_gw
FN:700,__route_find_output_nw
FN:757,__reconstruct_groute
FN:821,__fake_address_set
FN:832,__fake_address_unset
FN:843,__fake_link_set
FN:854,__fake_route_add
FN:865,__fake_route_del
FN:876,__fake_route_change
FN:903,groute_init
FN:1009,groute_clear
FN:1051,groute_intf_addr_set
FN:1156,groute_intf_addr_unset
FN:1232,groute_intf_link_set
FN:1316,groute_route_add
FN:1416,groute_route_del
FN:1481,groute_reload
FN:1605,groute_dump
FN:1742,groute_destroy
FNDA:229,__route_find_output_nw
FNDA:39,groute_route_add
FNDA:10,__route_gw_dead
FNDA:257,__lock
FNDA:6,groute_dump
FNDA:35,__intf_polling_linked_gw
FNDA:40,__set_intf_address
FNDA:4,__fake_route_del
FNDA:6,__fake_link_set
FNDA:67,groute_destroy
FNDA:30,groute_intf_link_set
FNDA:4,__fake_route_change
FNDA:87,__intf_lookup
FNDA:35,__route_get
FNDA:11,groute_intf_addr_unset
FNDA:7,groute_reload
FNDA:41,__route_lookup
FNDA:4,__fake_route_add
FNDA:52,groute_intf_addr_set
FNDA:47,__output_nw_check
FNDA:6,__route_put
FNDA:65,__reconstruct_groute
FNDA:64,__init_intf_pool
FNDA:7,__unset_intf_address
FNDA:60,__init_route_pool
FNDA:2,__intf_put
FNDA:4,__fake_address_unset
FNDA:34,__assign_gw
FNDA:48,__intf_polling_idle_gw
FNDA:7,__route_gw_alive
FNDA:4,__fake_address_set
FNDA:8,groute_route_del
FNDA:47,__mask_to_prefix
FNDA:1,groute_clear
FNDA:257,__unlock
FNDA:89,groute_init
FNDA:34,__route_add_hash
FNDA:47,__intf_get
FNF:38
FNH:38
BRDA:125,0,0,257
BRDA:125,0,1,0
BRDA:144,0,0,257
BRDA:144,0,1,0
BRDA:164,1,0,192
BRDA:164,1,1,64
BRDA:186,2,0,15360
BRDA:186,2,1,60
BRDA:193,2,0,180
BRDA:193,2,1,60
BRDA:196,1,0,360
BRDA:196,1,1,180
BRDA:214,2,0,57
BRDA:214,2,1,48
BRDA:215,0,0,39
BRDA:215,0,1,18
BRDA:242,1,0,5
BRDA:242,1,1,36
BRDA:243,0,0,0
BRDA:243,0,1,5
BRDA:247,0,0,0
BRDA:247,0,1,5
BRDA:251,0,0,5
BRDA:251,0,1,0
BRDA:271,0,1,2
BRDA:271,0,2,45
BRDA:316,0,1,1
BRDA:316,0,2,34
BRDA:378,0,0,12
BRDA:378,0,1,6
BRDA:402,0,0,26
BRDA:402,0,1,14
BRDA:424,0,0,5
BRDA:424,0,1,2
BRDA:448,0,0,1
BRDA:448,0,1,33
BRDA:452,2,0,35
BRDA:452,2,1,34
BRDA:456,0,0,26
BRDA:456,0,1,9
BRDA:474,0,0,36
BRDA:474,0,1,11
BRDA:477,2,0,186
BRDA:477,2,1,0
BRDA:480,0,0,18
BRDA:480,0,1,168
BRDA:484,1,0,1220
BRDA:484,1,1,168
BRDA:489,0,0,29
BRDA:489,0,1,139
BRDA:510,0,0,36
BRDA:510,0,1,11
BRDA:511,0,0,36
BRDA:511,0,1,11
BRDA:513,2,0,320
BRDA:513,2,1,47
BRDA:518,4294967295,0,22
BRDA:518,4294967295,1,25
BRDA:545,2,0,7
BRDA:545,2,1,7
BRDA:587,2,0,10
BRDA:587,2,1,10
BRDA:588,0,0,0
BRDA:588,0,1,10
BRDA:606,4294967295,0,10
BRDA:606,4294967295,1,0
BRDA:628,0,0,0
BRDA:628,0,1,48
BRDA:632,2,0,7
BRDA:632,2,1,48
BRDA:633,0,0,5
BRDA:633,0,1,2
BRDA:634,0,1,4
BRDA:634,0,2,1
BRDA:638,0,1,1
BRDA:638,0,2,1
BRDA:663,2,0,10
BRDA:663,2,1,35
BRDA:664,0,0,0
BRDA:664,0,1,10
BRDA:671,1,0,12
BRDA:671,1,1,10
BRDA:672,0,0,5
BRDA:672,0,1,7
BRDA:676,0,0,4
BRDA:676,0,1,3
BRDA:676,1,2,1
BRDA:676,1,3,3
BRDA:678,0,0,1
BRDA:678,0,1,5
BRDA:683,0,0,2
BRDA:683,0,1,5
BRDA:706,2,0,458
BRDA:706,2,1,229
BRDA:708,2,0,68
BRDA:708,2,1,458
BRDA:709,0,0,68
BRDA:709,0,1,0
BRDA:709,1,2,22
BRDA:709,1,3,46
BRDA:713,0,0,34
BRDA:713,0,1,12
BRDA:714,0,0,4
BRDA:714,0,1,30
BRDA:718,0,1,14
BRDA:718,0,2,16
BRDA:726,0,0,4
BRDA:726,0,1,8
BRDA:730,0,1,4
BRDA:730,0,2,4
BRDA:741,0,0,38
BRDA:741,0,1,420
BRDA:741,1,2,20
BRDA:741,1,3,18
BRDA:773,2,0,195
BRDA:773,2,1,65
BRDA:774,0,0,4
BRDA:774,0,1,191
BRDA:786,2,0,16640
BRDA:786,2,1,65
BRDA:792,1,0,195
BRDA:792,1,1,65
BRDA:793,0,0,3
BRDA:793,0,1,192
BRDA:799,1,0,384
BRDA:799,1,1,192
BRDA:804,2,0,390
BRDA:804,2,1,195
BRDA:910,0,0,81
BRDA:910,0,1,8
BRDA:910,1,2,0
BRDA:910,1,3,81
BRDA:929,0,0,80
BRDA:929,0,1,1
BRDA:929,1,2,79
BRDA:929,1,3,1
BRDA:929,2,4,78
BRDA:929,2,5,1
BRDA:929,3,6,77
BRDA:929,3,7,1
BRDA:930,0,0,76
BRDA:930,0,1,1
BRDA:930,1,2,1
BRDA:930,1,3,75
BRDA:934,0,0,74
BRDA:934,0,1,1
BRDA:934,1,2,73
BRDA:934,1,3,1
BRDA:934,2,4,72
BRDA:934,2,5,1
BRDA:934,3,6,71
BRDA:934,3,7,1
BRDA:935,0,0,70
BRDA:935,0,1,1
BRDA:935,1,2,1
BRDA:935,1,3,69
BRDA:950,4294967295,0,3
BRDA:950,4294967295,1,74
BRDA:954,4294967295,0,3
BRDA:954,4294967295,1,0
BRDA:961,4294967295,0,3
BRDA:961,4294967295,1,71
BRDA:967,4294967295,0,3
BRDA:967,4294967295,1,68
BRDA:970,4294967295,0,3
BRDA:970,4294967295,1,0
BRDA:977,4294967295,0,3
BRDA:977,4294967295,1,65
BRDA:985,0,0,0
BRDA:985,0,1,65
BRDA:1057,0,0,19
BRDA:1057,0,1,33
BRDA:1057,1,2,1
BRDA:1057,1,3,18
BRDA:1061,0,0,33
BRDA:1061,0,1,18
BRDA:1061,1,2,1
BRDA:1061,1,3,32
BRDA:1065,0,0,18
BRDA:1065,0,1,32
BRDA:1065,1,2,1
BRDA:1065,1,3,17
BRDA:1071,1,0,21
BRDA:1071,1,1,47
BRDA:1072,0,0,11
BRDA:1072,0,1,10
BRDA:1072,1,2,11
BRDA:1072,1,3,0
BRDA:1073,0,0,1
BRDA:1073,0,1,10
BRDA:1077,0,0,10
BRDA:1077,0,1,0
BRDA:1077,1,2,5
BRDA:1077,1,3,5
BRDA:1078,0,0,1
BRDA:1078,0,1,4
BRDA:1088,4294967295,0,39
BRDA:1088,4294967295,1,8
BRDA:1091,4294967295,0,1
BRDA:1091,4294967295,1,38
BRDA:1098,0,0,2
BRDA:1098,0,1,6
BRDA:1098,1,2,2
BRDA:1098,1,3,0
BRDA:1101,0,0,2
BRDA:1101,0,1,4
BRDA:1108,4294967295,0,1
BRDA:1108,4294967295,1,41
BRDA:1109,0,0,1
BRDA:1109,0,1,0
BRDA:1118,4294967295,0,1
BRDA:1118,4294967295,1,40
BRDA:1120,4294967295,0,1
BRDA:1120,4294967295,1,0
BRDA:1161,0,0,4
BRDA:1161,0,1,7
BRDA:1161,1,2,1
BRDA:1161,1,3,3
BRDA:1168,4294967295,0,1
BRDA:1168,4294967295,1,9
BRDA:1174,0,0,6
BRDA:1174,0,1,3
BRDA:1174,1,2,1
BRDA:1174,1,3,5
BRDA:1177,0,0,3
BRDA:1177,0,1,5
BRDA:1177,1,2,1
BRDA:1177,1,3,2
BRDA:1184,0,0,5
BRDA:1184,0,1,2
BRDA:1240,4294967295,0,8
BRDA:1240,4294967295,1,22
BRDA:1242,4294967295,0,1
BRDA:1242,4294967295,1,7
BRDA:1250,0,0,11
BRDA:1250,0,1,18
BRDA:1256,0,0,4
BRDA:1256,0,1,14
BRDA:1273,4294967295,0,4
BRDA:1273,4294967295,1,10
BRDA:1322,0,0,10
BRDA:1322,0,1,29
BRDA:1322,1,2,1
BRDA:1322,1,3,9
BRDA:1326,0,0,29
BRDA:1326,0,1,9
BRDA:1326,1,2,1
BRDA:1326,1,3,28
BRDA:1330,0,0,9
BRDA:1330,0,1,28
BRDA:1330,1,2,1
BRDA:1330,1,3,8
BRDA:1334,0,0,0
BRDA:1334,0,1,36
BRDA:1338,0,0,28
BRDA:1338,0,1,8
BRDA:1344,4294967295,1,1
BRDA:1344,4294967295,2,35
BRDA:1351,4294967295,0,1
BRDA:1351,4294967295,1,34
BRDA:1363,1,0,35
BRDA:1363,1,1,34
BRDA:1372,4294967295,0,1
BRDA:1372,4294967295,1,33
BRDA:1380,4294967295,0,1
BRDA:1380,4294967295,1,32
BRDA:1421,0,0,3
BRDA:1421,0,1,5
BRDA:1421,1,2,1
BRDA:1421,1,3,2
BRDA:1425,0,0,5
BRDA:1425,0,1,2
BRDA:1425,1,2,1
BRDA:1425,1,3,4
BRDA:1429,0,0,2
BRDA:1429,0,1,4
BRDA:1429,1,2,1
BRDA:1429,1,3,1
BRDA:1433,0,0,4
BRDA:1433,0,1,1
BRDA:1440,4294967295,0,1
BRDA:1440,4294967295,1,4
BRDA:1448,4294967295,0,1
BRDA:1448,4294967295,1,3
BRDA:1448,0,2,1
BRDA:1448,0,3,0
BRDA:1450,1,0,2
BRDA:1450,1,1,1
BRDA:1492,0,0,6
BRDA:1492,0,1,1
BRDA:1492,1,2,1
BRDA:1492,1,3,5
BRDA:1498,4294967295,0,1
BRDA:1498,4294967295,1,4
BRDA:1504,4294967295,0,1
BRDA:1504,4294967295,1,3
BRDA:1511,4294967295,0,1
BRDA:1511,4294967295,1,2
BRDA:1517,4294967295,0,1
BRDA:1517,4294967295,1,1
BRDA:1527,1,0,3
BRDA:1527,1,1,1
BRDA:1528,0,0,1
BRDA:1528,0,1,2
BRDA:1534,0,0,1
BRDA:1534,0,1,1
BRDA:1541,0,0,1
BRDA:1541,0,1,1
BRDA:1553,2,0,256
BRDA:1553,2,1,1
BRDA:1555,0,0,254
BRDA:1555,0,1,2
BRDA:1568,2,0,4
BRDA:1568,2,1,2
BRDA:1569,0,0,2
BRDA:1569,0,1,2
BRDA:1580,4294967295,0,0
BRDA:1580,4294967295,1,2
BRDA:1614,0,0,1
BRDA:1614,0,1,5
BRDA:1620,4294967295,0,1
BRDA:1620,4294967295,1,4
BRDA:1626,4294967295,0,1
BRDA:1626,4294967295,1,3
BRDA:1633,4294967295,0,1
BRDA:1633,4294967295,1,2
BRDA:1639,4294967295,0,1
BRDA:1639,4294967295,1,1
BRDA:1650,1,0,3
BRDA:1650,1,1,1
BRDA:1651,0,0,2
BRDA:1651,0,1,1
BRDA:1657,4294967295,0,1
BRDA:1657,4294967295,1,0
BRDA:1665,0,0,1
BRDA:1665,0,1,0
BRDA:1678,1,0,256
BRDA:1678,1,1,1
BRDA:1680,0,0,254
BRDA:1680,0,1,2
BRDA:1686,0,0,1
BRDA:1686,0,1,1
BRDA:1707,0,0,2
BRDA:1707,0,1,2
BRDA:1708,0,0,1
BRDA:1708,0,1,1
BRDA:1725,0,0,0
BRDA:1725,0,1,2
BRDA:1749,0,0,63
BRDA:1749,0,1,4
BRDA:1756,0,0,59
BRDA:1756,0,1,8
BRF:352
BRH:326
DA:122,257
DA:125,257
DA:126,257
DA:128,0
DA:129,257
DA:141,257
DA:144,257
DA:145,257
DA:147,0
DA:148,257
DA:158,64
DA:162,64
DA:163,64
DA:164,256
DA:165,192
DA:166,192
DA:167,192
DA:169,64
DA:179,60
DA:183,60
DA:186,15420
DA:187,15360
DA:191,60
DA:192,60
DA:193,240
DA:194,180
DA:195,180
DA:196,540
DA:197,360
DA:200,60
DA:211,87
DA:214,105
DA:215,57
DA:216,39
DA:220,48
DA:235,41
DA:240,41
DA:242,41
DA:243,5
DA:244,0
DA:247,5
DA:248,0
DA:251,5
DA:252,5
DA:256,36
DA:267,47
DA:271,47
DA:272,2
DA:275,45
DA:276,45
DA:277,45
DA:278,45
DA:279,45
DA:280,45
DA:281,45
DA:291,34
DA:294,34
DA:296,34
DA:298,34
DA:313,35
DA:316,35
DA:317,1
DA:320,34
DA:321,34
DA:322,34
DA:323,34
DA:324,34
DA:325,34
DA:326,34
DA:327,34
DA:328,34
DA:338,2
DA:340,2
DA:341,2
DA:342,2
DA:343,2
DA:344,2
DA:345,2
DA:346,2
DA:347,2
DA:348,2
DA:349,2
DA:350,2
DA:351,2
DA:352,2
DA:363,6
DA:367,6
DA:368,6
DA:369,6
DA:370,6
DA:371,6
DA:372,6
DA:373,6
DA:374,6
DA:375,6
DA:376,6
DA:378,18
DA:379,12
DA:380,12
DA:381,12
DA:382,12
DA:383,12
DA:384,12
DA:385,12
DA:386,12
DA:388,6
DA:400,40
DA:402,40
DA:403,26
DA:404,26
DA:405,26
DA:407,14
DA:408,14
DA:409,14
DA:411,40
DA:422,7
DA:424,7
DA:425,5
DA:426,5
DA:427,5
DA:429,2
DA:430,2
DA:431,2
DA:433,7
DA:445,34
DA:448,34
DA:449,1
DA:452,69
DA:453,35
DA:454,35
DA:455,35
DA:456,35
DA:457,35
DA:459,34
DA:471,47
DA:473,47
DA:474,47
DA:477,186
DA:478,186
DA:480,186
DA:481,18
DA:484,1388
DA:485,1220
DA:486,1220
DA:489,168
DA:490,29
DA:493,47
DA:507,47
DA:509,47
DA:510,47
DA:511,47
DA:513,367
DA:514,320
DA:516,47
DA:518,47
DA:519,22
DA:521,47
DA:536,7
DA:542,7
DA:543,7
DA:545,14
DA:546,7
DA:547,7
DA:548,7
DA:549,7
DA:553,7
DA:554,7
DA:555,7
DA:557,7
DA:558,7
DA:561,7
DA:562,7
DA:563,7
DA:564,7
DA:578,10
DA:580,10
DA:584,10
DA:585,10
DA:587,20
DA:588,10
DA:589,0
DA:591,10
DA:592,10
DA:593,10
DA:594,10
DA:598,10
DA:599,10
DA:600,10
DA:602,10
DA:603,10
DA:606,10
DA:607,10
DA:610,10
DA:611,10
DA:612,10
DA:625,48
DA:628,48
DA:629,0
DA:632,55
DA:633,7
DA:634,5
DA:635,5
DA:638,2
DA:639,1
DA:644,48
DA:657,35
DA:663,45
DA:664,10
DA:665,0
DA:668,10
DA:671,22
DA:672,12
DA:673,5
DA:675,7
DA:676,7
DA:677,1
DA:678,6
DA:679,1
DA:683,7
DA:684,2
DA:689,35
DA:700,229
DA:706,687
DA:708,526
DA:709,68
DA:710,22
DA:713,46
DA:714,34
DA:715,4
DA:718,30
DA:720,14
DA:721,14
DA:722,14
DA:723,30
DA:726,12
DA:727,4
DA:730,8
DA:732,4
DA:733,4
DA:734,4
DA:735,4
DA:741,458
DA:742,20
DA:746,229
DA:757,65
DA:762,65
DA:763,65
DA:766,65
DA:767,65
DA:769,65
DA:770,65
DA:773,260
DA:774,195
DA:775,4
DA:776,4
DA:778,191
DA:779,191
DA:782,195
DA:786,16705
DA:787,16640
DA:788,16640
DA:792,260
DA:793,195
DA:794,3
DA:795,3
DA:797,192
DA:798,192
DA:799,576
DA:800,384
DA:804,585
DA:805,390
DA:808,195
DA:811,65
DA:821,4
DA:823,4
DA:832,4
DA:834,4
DA:843,6
DA:845,6
DA:854,4
DA:856,4
DA:865,4
DA:867,4
DA:876,4
DA:878,4
DA:903,89
DA:906,89
DA:908,89
DA:910,89
DA:911,8
DA:913,8
DA:914,8
DA:915,8
DA:916,8
DA:917,8
DA:918,8
DA:920,8
DA:921,8
DA:922,8
DA:923,8
DA:924,8
DA:925,8
DA:926,8
DA:929,81
DA:930,77
DA:931,6
DA:934,75
DA:935,71
DA:936,6
DA:940,69
DA:941,69
DA:945,77
DA:946,77
DA:949,77
DA:950,77
DA:952,3
DA:953,3
DA:954,3
DA:955,3
DA:960,74
DA:961,74
DA:962,3
DA:966,71
DA:967,71
DA:969,3
DA:970,3
DA:971,3
DA:976,68
DA:977,68
DA:978,3
DA:979,3
DA:983,65
DA:985,65
DA:986,0
DA:988,0
DA:989,0
DA:990,0
DA:991,0
DA:992,0
DA:994,65
DA:996,65
DA:997,65
DA:999,65
DA:1009,1
DA:1011,1
DA:1013,1
DA:1014,1
DA:1015,1
DA:1016,1
DA:1017,1
DA:1018,1
DA:1051,52
DA:1054,52
DA:1057,52
DA:1058,1
DA:1061,51
DA:1062,1
DA:1065,50
DA:1066,1
DA:1069,49
DA:1071,68
DA:1072,21
DA:1073,11
DA:1074,1
DA:1075,1
DA:1077,10
DA:1078,5
DA:1079,1
DA:1080,1
DA:1086,47
DA:1088,47
DA:1089,39
DA:1090,39
DA:1091,39
DA:1093,1
DA:1094,1
DA:1097,38
DA:1098,8
DA:1099,2
DA:1100,2
DA:1101,6
DA:1102,2
DA:1103,2
DA:1107,42
DA:1108,42
DA:1109,1
DA:1110,1
DA:1112,1
DA:1113,1
DA:1117,41
DA:1118,41
DA:1119,1
DA:1120,1
DA:1121,1
DA:1123,1
DA:1124,1
DA:1127,40
DA:1128,40
DA:1130,40
DA:1131,40
DA:1156,11
DA:1161,11
DA:1162,1
DA:1165,10
DA:1167,10
DA:1168,10
DA:1169,1
DA:1170,1
DA:1174,9
DA:1175,1
DA:1176,1
DA:1177,8
DA:1178,1
DA:1179,1
DA:1182,7
DA:1183,7
DA:1184,7
DA:1185,5
DA:1186,5
DA:1188,2
DA:1189,2
DA:1192,7
DA:1193,7
DA:1196,7
DA:1197,7
DA:1198,7
DA:1199,11
DA:1232,30
DA:1237,30
DA:1239,30
DA:1240,30
DA:1241,8
DA:1242,8
DA:1244,1
DA:1245,1
DA:1250,29
DA:1251,11
DA:1252,11
DA:1255,18
DA:1256,18
DA:1258,4
DA:1259,4
DA:1261,4
DA:1262,4
DA:1265,14
DA:1266,14
DA:1268,14
DA:1269,14
DA:1273,14
DA:1274,4
DA:1275,4
DA:1276,4
DA:1277,4
DA:1281,18
DA:1282,30
DA:1316,39
DA:1322,39
DA:1323,1
DA:1326,38
DA:1327,1
DA:1330,37
DA:1331,1
DA:1334,36
DA:1335,0
DA:1338,36
DA:1339,28
DA:1342,36
DA:1344,36
DA:1345,1
DA:1346,1
DA:1350,35
DA:1351,35
DA:1352,1
DA:1353,1
DA:1357,34
DA:1359,34
DA:1361,34
DA:1363,69
DA:1364,35
DA:1365,35
DA:1366,35
DA:1367,35
DA:1371,34
DA:1372,34
DA:1373,1
DA:1374,1
DA:1375,1
DA:1379,33
DA:1380,33
DA:1381,1
DA:1382,1
DA:1383,1
DA:1384,1
DA:1387,32
DA:1388,39
DA:1416,8
DA:1421,8
DA:1422,1
DA:1425,7
DA:1426,1
DA:1429,6
DA:1430,1
DA:1433,5
DA:1434,4
DA:1437,5
DA:1439,5
DA:1440,5
DA:1441,1
DA:1442,1
DA:1445,4
DA:1448,5
DA:1450,3
DA:1451,2
DA:1454,3
DA:1457,4
DA:1458,4
DA:1459,4
DA:1481,7
DA:1485,7
DA:1492,7
DA:1493,2
DA:1497,5
DA:1498,5
DA:1499,1
DA:1503,4
DA:1504,4
DA:1505,1
DA:1510,3
DA:1511,3
DA:1512,1
DA:1516,2
DA:1517,2
DA:1518,1
DA:1521,1
DA:1524,1
DA:1527,4
DA:1528,3
DA:1529,1
DA:1532,2
DA:1534,2
DA:1535,1
DA:1536,1
DA:1537,1
DA:1538,1
DA:1541,2
DA:1542,1
DA:1543,1
DA:1544,1
DA:1545,1
DA:1549,2
DA:1553,257
DA:1555,256
DA:1556,254
DA:1560,2
DA:1563,2
DA:1564,2
DA:1565,2
DA:1568,6
DA:1569,4
DA:1570,2
DA:1571,2
DA:1572,2
DA:1573,2
DA:1574,2
DA:1578,2
DA:1579,2
DA:1580,2
DA:1583,1
DA:1584,1
DA:1585,1
DA:1586,7
DA:1605,6
DA:1614,6
DA:1615,1
DA:1619,5
DA:1620,5
DA:1621,1
DA:1625,4
DA:1626,4
DA:1627,1
DA:1632,3
DA:1633,3
DA:1634,1
DA:1638,2
DA:1639,2
DA:1640,1
DA:1643,1
DA:1646,1
DA:1647,1
DA:1648,1
DA:1650,4
DA:1651,3
DA:1652,2
DA:1655,1
DA:1656,1
DA:1657,1
DA:1658,1
DA:1659,1
DA:1660,1
DA:1661,1
DA:1662,1
DA:1665,1
DA:1666,1
DA:1667,3
DA:1668,3
DA:1669,3
DA:1670,3
DA:1671,3
DA:1672,2
DA:1674,1
DA:1676,1
DA:1678,257
DA:1680,256
DA:1681,254
DA:1685,2
DA:1686,2
DA:1687,1
DA:1688,1
DA:1689,1
DA:1690,1
DA:1691,1
DA:1693,1
DA:1694,3
DA:1695,3
DA:1696,3
DA:1697,3
DA:1698,3
DA:1699,2
DA:1701,2
DA:1702,2
DA:1703,2
DA:1704,2
DA:1707,4
DA:1708,2
DA:1709,1
DA:1710,1
DA:1711,1
DA:1712,1
DA:1714,1
DA:1715,4
DA:1716,4
DA:1717,4
DA:1718,4
DA:1721,2
DA:1722,2
DA:1723,2
DA:1725,2
DA:1727,1
DA:1728,1
DA:1729,1
DA:1730,1
DA:1731,1
DA:1742,67
DA:1746,67
DA:1747,67
DA:1749,67
DA:1751,63
DA:1752,63
DA:1753,63
DA:1756,67
DA:1758,59
DA:1759,59
DA:1760,59
DA:1762,59
DA:1763,59
DA:1764,59
DA:1765,59
DA:1767,67
LF:668
LH:654
end_of_record
